app/build/intermediates/manifest_merge_blame_file/release/manifest-merger-blame-release-report.txt
1<?xml version="1.0" encoding="utf-8"?>
2<manifest xmlns:android="http://schemas.android.com/apk/res/android"
3    package="com.emad.sentrytest"
4    android:versionCode="1"
5    android:versionName="1.0" >
6
7    <uses-sdk
8        android:minSdkVersion="23"
8-->src\main\AndroidManifest.xml
9        android:targetSdkVersion="31" />
9-->src\main\AndroidManifest.xml
10
11    <uses-permission android:name="android.permission.INTERNET" />
11-->src\main\AndroidManifest.xml:5:5-66
11-->src\main\AndroidManifest.xml:5:22-64
12    <uses-permission android:name="android.permission.ACCESS_NETWORK_STATE" />
12-->src\main\AndroidManifest.xml:6:5-79
12-->src\main\AndroidManifest.xml:6:22-76
13
14    <application
14-->src\main\AndroidManifest.xml:8:5-30:19
15        android:allowBackup="false"
15-->src\main\AndroidManifest.xml:9:9-36
16        android:appComponentFactory="androidx.core.app.CoreComponentFactory"
16-->[androidx.core:core:1.7.0] AndroidManifest.xml:24:18-86
17        android:debuggable="true"
18        android:extractNativeLibs="false"
19        android:icon="@mipmap/ic_launcher"
19-->src\main\AndroidManifest.xml:10:9-43
20        android:label="@string/app_name"
20-->src\main\AndroidManifest.xml:11:9-41
21        android:networkSecurityConfig="@xml/network_security"
21-->src\main\AndroidManifest.xml:15:9-62
22        android:roundIcon="@mipmap/ic_launcher_round"
22-->src\main\AndroidManifest.xml:12:9-54
23        android:supportsRtl="true"
23-->src\main\AndroidManifest.xml:14:9-35
24        android:testOnly="true"
25        android:theme="@style/Theme.SentryTest"
25-->src\main\AndroidManifest.xml:16:9-48
26        android:usesCleartextTraffic="true" >
26-->src\main\AndroidManifest.xml:13:9-44
27        <meta-data
27-->src\main\AndroidManifest.xml:17:9-142
28            android:name="io.sentry.dsn"
28-->src\main\AndroidManifest.xml:17:20-48
29            android:value="https://275d73f912174a3aaeed1f1d844f046e@o1133305.ingest.sentry.io/6179875" />
29-->src\main\AndroidManifest.xml:17:49-139
30        <meta-data
30-->src\main\AndroidManifest.xml:18:9-86
31            android:name="io.sentry.traces.sample-rate"
31-->src\main\AndroidManifest.xml:18:20-63
32            android:value="1.0" />
32-->src\main\AndroidManifest.xml:18:64-83
33        <meta-data
33-->src\main\AndroidManifest.xml:19:9-74
34            android:name="io.sentry.debug"
34-->src\main\AndroidManifest.xml:19:20-50
35            android:value="true" />
35-->src\main\AndroidManifest.xml:19:51-71
36        <meta-data
36-->src\main\AndroidManifest.xml:20:9-108
37            android:name="io.sentry.session-tracking.timeout-interval-millis"
37-->src\main\AndroidManifest.xml:20:20-85
38            android:value="100" />
38-->src\main\AndroidManifest.xml:20:86-105
39
40        <activity
40-->src\main\AndroidManifest.xml:21:9-29:20
41            android:name="com.emad.sentrytest.MainActivity"
41-->src\main\AndroidManifest.xml:22:13-41
42            android:exported="true" >
42-->src\main\AndroidManifest.xml:23:13-36
43            <intent-filter>
43-->src\main\AndroidManifest.xml:24:13-28:29
44                <action android:name="android.intent.action.MAIN" />
44-->src\main\AndroidManifest.xml:25:17-69
44-->src\main\AndroidManifest.xml:25:25-66
45
46                <category android:name="android.intent.category.LAUNCHER" />
46-->src\main\AndroidManifest.xml:27:17-77
46-->src\main\AndroidManifest.xml:27:27-74
47            </intent-filter>
48        </activity>
49
50        <provider
50-->[androidx.emoji2:emoji2:1.0.0] AndroidManifest.xml:26:9-34:20
51            android:name="androidx.startup.InitializationProvider"
51-->[androidx.emoji2:emoji2:1.0.0] AndroidManifest.xml:27:13-67
52            android:authorities="com.emad.sentrytest.androidx-startup"
52-->[androidx.emoji2:emoji2:1.0.0] AndroidManifest.xml:28:13-68
53            android:exported="false" >
53-->[androidx.emoji2:emoji2:1.0.0] AndroidManifest.xml:29:13-37
54            <meta-data
54-->[androidx.emoji2:emoji2:1.0.0] AndroidManifest.xml:31:13-33:52
55                android:name="androidx.emoji2.text.EmojiCompatInitializer"
55-->[androidx.emoji2:emoji2:1.0.0] AndroidManifest.xml:32:17-75
56                android:value="androidx.startup" />
56-->[androidx.emoji2:emoji2:1.0.0] AndroidManifest.xml:33:17-49
57            <meta-data
57-->[androidx.lifecycle:lifecycle-process:2.4.0] AndroidManifest.xml:31:13-33:52
58                android:name="androidx.lifecycle.ProcessLifecycleInitializer"
58-->[androidx.lifecycle:lifecycle-process:2.4.0] AndroidManifest.xml:32:17-78
59                android:value="androidx.startup" />
59-->[androidx.lifecycle:lifecycle-process:2.4.0] AndroidManifest.xml:33:17-49
60        </provider> <!-- 'android:authorities' must be unique in the device, across all apps -->
61        <provider
61-->[io.sentry:sentry-android-core:5.6.1] AndroidManifest.xml:14:9-17:40
62            android:name="io.sentry.android.core.SentryInitProvider"
62-->[io.sentry:sentry-android-core:5.6.1] AndroidManifest.xml:15:13-69
63            android:authorities="com.emad.sentrytest.SentryInitProvider"
63-->[io.sentry:sentry-android-core:5.6.1] AndroidManifest.xml:16:13-70
64            android:exported="false" />
64-->[io.sentry:sentry-android-core:5.6.1] AndroidManifest.xml:17:13-37
65        <provider
65-->[io.sentry:sentry-android-core:5.6.1] AndroidManifest.xml:18:9-22:39
66            android:name="io.sentry.android.core.SentryPerformanceProvider"
66-->[io.sentry:sentry-android-core:5.6.1] AndroidManifest.xml:19:13-76
67            android:authorities="com.emad.sentrytest.SentryPerformanceProvider"
67-->[io.sentry:sentry-android-core:5.6.1] AndroidManifest.xml:20:13-77
68            android:exported="false"
68-->[io.sentry:sentry-android-core:5.6.1] AndroidManifest.xml:21:13-37
69            android:initOrder="200" />
69-->[io.sentry:sentry-android-core:5.6.1] AndroidManifest.xml:22:13-36
70    </application>
71
72</manifest>